{
  "RSpec": {
    "coverage": {
      "/myapp/app/models/user.rb": {
        "lines": [
          1,
          1,
          1,
          null,
          1,
          null,
          null,
          null,
          1,
          null,
          null,
          null,
          1,
          117,
          null,
          1,
          2,
          1,
          1,
          1,
          null,
          null,
          null,
          1,
          1,
          null,
          null
        ]
      },
      "/myapp/app/models/application_record.rb": {
        "lines": [
          1,
          1,
          null
        ]
      },
      "/myapp/app/models/exchange_rate.rb": {
        "lines": [
          1,
          1,
          null,
          1,
          1,
          1,
          null,
          1,
          null
        ]
      },
      "/myapp/app/models/expense.rb": {
        "lines": [
          1,
          1,
          null,
          1,
          1,
          1,
          null,
          1,
          1,
          1,
          null,
          1,
          1,
          null,
          1,
          1,
          1,
          1,
          1,
          1,
          1,
          null,
          1,
          1,
          1,
          null,
          1,
          null,
          1,
          23,
          107,
          0,
          null,
          null,
          null,
          null,
          1,
          23,
          3,
          null,
          null,
          null,
          1,
          23,
          8,
          2,
          2,
          null,
          null,
          1,
          23,
          null,
          null,
          1,
          23,
          0,
          0,
          null,
          23,
          23,
          null,
          null,
          null
        ]
      },
      "/myapp/app/models/trip.rb": {
        "lines": [
          1,
          1,
          1,
          1,
          null,
          1,
          1,
          1,
          null,
          1,
          null,
          1,
          1,
          1,
          1,
          null,
          1,
          1,
          null,
          1,
          1,
          null,
          1,
          null,
          1,
          4,
          null,
          null,
          1,
          6,
          null,
          null,
          1,
          null,
          1,
          51,
          null,
          null,
          1,
          51,
          null,
          null,
          1,
          51,
          5,
          null,
          null,
          null,
          1,
          37,
          null,
          null,
          1,
          51,
          51,
          1,
          null,
          null,
          null
        ]
      },
      "/myapp/app/models/currency.rb": {
        "lines": [
          1,
          1,
          1,
          null,
          1,
          1,
          1,
          1,
          1,
          null,
          null,
          1,
          2,
          null,
          null
        ]
      },
      "/myapp/app/models/participant.rb": {
        "lines": [
          1,
          1,
          1,
          null,
          1,
          1,
          null,
          1,
          1,
          null
        ]
      },
      "/myapp/app/models/advance_payment.rb": {
        "lines": [
          1,
          1,
          1,
          null,
          1,
          1,
          1,
          null,
          null,
          1,
          null,
          1,
          null,
          null
        ]
      },
      "/myapp/app/controllers/application_controller.rb": {
        "lines": [
          1,
          null,
          1,
          1,
          null,
          null,
          1,
          1,
          null,
          null,
          1,
          null,
          1,
          null,
          1,
          2,
          null,
          null,
          null,
          1,
          0,
          null,
          null
        ]
      },
      "/myapp/app/controllers/trips_controller.rb": {
        "lines": [
          1,
          1,
          null,
          1,
          1,
          1,
          1,
          null,
          null,
          1,
          5,
          5,
          null,
          null,
          1,
          1,
          11,
          null,
          null,
          1,
          2,
          2,
          1,
          1,
          null,
          1,
          11,
          1,
          null,
          null,
          null,
          1,
          null,
          null,
          1,
          3,
          2,
          2,
          null,
          1,
          1,
          null,
          null,
          null,
          1,
          1,
          1,
          1,
          null,
          null,
          null,
          1,
          1,
          1,
          null,
          1,
          1,
          1,
          null,
          null,
          1,
          2,
          1,
          null,
          1,
          null,
          null,
          null,
          1,
          1,
          1,
          null,
          null,
          1,
          1,
          1,
          null,
          null,
          1,
          null,
          1,
          14,
          null,
          null,
          1,
          3,
          null,
          null,
          null,
          1,
          2,
          null,
          null,
          null,
          null,
          null
        ]
      },
      "/myapp/app/controllers/errors_controller.rb": {
        "lines": [
          1,
          1,
          1,
          1,
          null,
          null,
          1,
          1,
          null,
          null,
          1,
          1,
          null,
          null
        ]
      },
      "/myapp/app/controllers/expenses_controller.rb": {
        "lines": [
          1,
          1,
          null,
          1,
          null,
          null,
          1,
          1,
          1,
          null,
          null,
          1,
          2,
          2,
          null,
          2,
          1,
          1,
          null,
          1,
          null,
          1,
          1,
          1,
          null,
          null,
          null,
          1,
          null,
          null,
          1,
          2,
          2,
          null,
          2,
          2,
          1,
          1,
          1,
          null,
          1,
          1,
          null,
          null,
          null,
          2,
          1,
          1,
          null,
          1,
          1,
          null,
          null,
          null,
          null,
          1,
          1,
          1,
          null,
          null,
          1,
          1,
          5,
          5,
          5,
          5,
          null,
          null,
          1,
          4,
          null,
          null,
          null,
          null,
          null
        ]
      },
      "/myapp/app/services/expense_amount_applier.rb": {
        "lines": [
          1,
          1,
          2,
          null,
          null,
          1,
          2,
          2,
          2,
          2,
          2,
          4,
          4,
          null,
          null,
          null,
          null
        ]
      },
      "/myapp/app/services/expense_amount_splitter.rb": {
        "lines": [
          1,
          null,
          1,
          2,
          2,
          2,
          2,
          0,
          null,
          0,
          0,
          null,
          null,
          2,
          null,
          null
        ]
      },
      "/myapp/app/services/balance_calculator.rb": {
        "lines": [
          1,
          1,
          10,
          null,
          null,
          1,
          12,
          35,
          35,
          35,
          null,
          null,
          null,
          1,
          10,
          29,
          29,
          null,
          null,
          null
        ]
      },
      "/myapp/app/models/group.rb": {
        "lines": [
          1,
          1,
          null,
          1,
          1,
          null,
          1,
          null,
          1,
          1,
          null
        ]
      },
      "/myapp/app/controllers/homes_controller.rb": {
        "lines": [
          1,
          1,
          null,
          1,
          null,
          null
        ]
      },
      "/myapp/app/controllers/pages_controller.rb": {
        "lines": [
          1,
          1,
          null,
          1,
          null,
          null,
          1,
          null,
          null,
          1,
          null,
          null,
          1,
          null,
          null
        ]
      },
      "/myapp/app/controllers/share/expenses_controller.rb": {
        "lines": [
          1,
          1,
          null,
          1,
          1,
          1,
          1,
          1,
          null,
          null
        ]
      },
      "/myapp/app/controllers/share/trips_controller.rb": {
        "lines": [
          1,
          1,
          null,
          1,
          null,
          1,
          1,
          1,
          null,
          null,
          1,
          1,
          1,
          null,
          1,
          1,
          1,
          1,
          1,
          null,
          null,
          1,
          2,
          1,
          null,
          1,
          null,
          null,
          null,
          1,
          null,
          1,
          4,
          null,
          null
        ]
      },
      "/myapp/app/services/settlement_matcher.rb": {
        "lines": [
          1,
          1,
          2,
          2,
          2,
          2,
          null,
          null,
          1,
          12,
          12,
          null,
          12,
          36,
          0,
          36,
          24,
          null,
          null,
          12,
          null,
          null,
          null,
          1,
          null,
          null,
          6,
          18,
          6,
          null,
          null,
          6,
          0,
          0,
          null,
          0,
          0,
          null,
          null,
          0,
          0,
          null,
          null,
          0,
          0,
          null,
          null,
          null,
          6,
          null,
          null,
          null,
          1,
          null,
          2,
          2,
          6,
          6,
          null,
          2,
          null,
          null
        ]
      },
      "/myapp/app/controllers/users/registrations_controller.rb": {
        "lines": [
          1,
          1,
          1,
          1,
          null,
          null,
          1,
          0,
          null,
          0,
          null,
          null,
          1,
          null,
          1,
          1,
          null,
          null
        ]
      },
      "/myapp/app/controllers/api/exchange_rates_controller.rb": {
        "lines": [
          0,
          null,
          0,
          0,
          0,
          null,
          0,
          null,
          null,
          0,
          0,
          0,
          0,
          null,
          0,
          null,
          0,
          0,
          0,
          0,
          0,
          0,
          0,
          0
        ],
        "branches": {}
      },
      "/myapp/app/controllers/groups_controller.rb": {
        "lines": [
          0,
          0,
          null,
          0,
          0,
          0,
          null,
          0,
          0,
          null,
          0,
          0,
          0,
          0,
          null,
          0,
          null,
          0,
          0,
          null,
          0,
          0,
          0,
          0,
          0,
          0,
          0,
          0,
          0,
          0,
          0,
          0,
          0,
          0,
          null,
          null,
          0,
          0,
          0,
          null,
          0,
          0,
          0,
          0,
          0,
          0,
          0,
          0,
          0,
          0,
          0,
          null,
          0,
          0,
          0,
          0,
          0,
          null,
          null,
          0,
          0,
          0,
          0,
          null,
          0,
          0,
          0,
          0,
          0,
          null,
          null,
          0,
          null,
          0,
          0,
          0,
          null,
          0,
          0,
          0,
          0,
          0,
          null,
          0,
          0,
          0,
          null,
          0,
          0,
          0,
          0,
          0,
          0
        ],
        "branches": {}
      },
      "/myapp/app/controllers/users/omniauth_callbacks_controller.rb": {
        "lines": [
          0,
          0,
          0,
          0,
          null,
          0,
          0,
          0,
          null,
          null,
          0,
          0,
          null,
          0,
          0,
          0,
          0,
          0,
          0,
          0,
          0,
          null,
          0,
          0,
          0,
          null,
          0,
          0,
          0,
          0
        ],
        "branches": {}
      },
      "/myapp/app/models/member.rb": {
        "lines": [
          0,
          0,
          null,
          0,
          0,
          0,
          0
        ],
        "branches": {}
      }
    },
    "timestamp": 1754355809
  }
}
